[debug] [2021-07-06T12:13:10.344Z] ----------------------------------------------------------------------
[debug] [2021-07-06T12:13:10.346Z] Command:       /usr/local/bin/node /usr/local/bin/firebase init
[debug] [2021-07-06T12:13:10.346Z] CLI Version:   9.14.0
[debug] [2021-07-06T12:13:10.346Z] Platform:      darwin
[debug] [2021-07-06T12:13:10.346Z] Node Version:  v14.16.0
[debug] [2021-07-06T12:13:10.347Z] Time:          Tue Jul 06 2021 13:13:10 GMT+0100 (West Africa Standard Time)
[debug] [2021-07-06T12:13:10.347Z] ----------------------------------------------------------------------
[debug] 
[debug] [2021-07-06T12:13:10.354Z] > command requires scopes: ["email","openid","https://www.googleapis.com/auth/cloudplatformprojects.readonly","https://www.googleapis.com/auth/firebase","https://www.googleapis.com/auth/cloud-platform"]
[debug] [2021-07-06T12:13:10.354Z] > authorizing via signed-in user (etabalionel@gmail.com)
[info] 
     ######## #### ########  ######## ########     ###     ######  ########
     ##        ##  ##     ## ##       ##     ##  ##   ##  ##       ##
     ######    ##  ########  ######   ########  #########  ######  ######
     ##        ##  ##    ##  ##       ##     ## ##     ##       ## ##
     ##       #### ##     ## ######## ########  ##     ##  ######  ########

You're about to initialize a Firebase project in this directory:

  /Users/lioneletaba/Documents/Projets/Freelance/yatou/dashboard-ui

Before we get started, keep in mind:

  * You are initializing within an existing Firebase project directory

[info] 
=== Project Setup
[info] 
[info] First, let's associate this project directory with a Firebase project.
[info] You can create multiple project aliases by running firebase use --add, 
[info] but for now we'll just set up a default project.
[info] 
[info] i  .firebaserc already has a default project, using yatou-sarl. 
[debug] [2021-07-06T12:13:36.115Z] > refreshing access token with scopes: []
[debug] [2021-07-06T12:13:36.116Z] >>> HTTP REQUEST POST https://www.googleapis.com/oauth2/v3/token  
 <request body omitted>
[debug] [2021-07-06T12:13:36.708Z] <<< HTTP RESPONSE 200 {"cache-control":"no-cache, no-store, max-age=0, must-revalidate","pragma":"no-cache","date":"Tue, 06 Jul 2021 12:13:36 GMT","expires":"Mon, 01 Jan 1990 00:00:00 GMT","content-type":"application/json; charset=utf-8","vary":"X-Origin, Referer, Origin,Accept-Encoding","server":"scaffolding on HTTPServer2","x-xss-protection":"0","x-frame-options":"SAMEORIGIN","x-content-type-options":"nosniff","alt-svc":"h3=\":443\"; ma=2592000,h3-29=\":443\"; ma=2592000,h3-T051=\":443\"; ma=2592000,h3-Q050=\":443\"; ma=2592000,h3-Q046=\":443\"; ma=2592000,h3-Q043=\":443\"; ma=2592000,quic=\":443\"; ma=2592000; v=\"46,43\"","accept-ranges":"none","transfer-encoding":"chunked"}
[debug] [2021-07-06T12:13:36.762Z] >>> [apiv2][query] GET https://firebase.googleapis.com/v1beta1/projects/yatou-sarl [none]
[debug] [2021-07-06T12:13:37.406Z] <<< [apiv2][status] GET https://firebase.googleapis.com/v1beta1/projects/yatou-sarl 200
[debug] [2021-07-06T12:13:37.406Z] <<< [apiv2][body] GET https://firebase.googleapis.com/v1beta1/projects/yatou-sarl {"projectId":"yatou-sarl","projectNumber":"519445991306","displayName":"YATOU SARL","name":"projects/yatou-sarl","resources":{"hostingSite":"yatou-sarl","storageBucket":"yatou-sarl.appspot.com","locationId":"us-central"},"state":"ACTIVE"}
[info] 
=== Functions Setup
[info] 
[info] A functions directory will be created in your project with a Node.js
[info] package pre-configured. Functions can be deployed with firebase deploy.
[info] 
[debug] [2021-07-06T12:13:37.407Z] > command requires scopes: ["email","openid","https://www.googleapis.com/auth/cloudplatformprojects.readonly","https://www.googleapis.com/auth/firebase","https://www.googleapis.com/auth/cloud-platform"]
[debug] [2021-07-06T12:13:37.407Z] > authorizing via signed-in user (etabalionel@gmail.com)
[debug] [2021-07-06T12:13:37.407Z] [iam] checking project yatou-sarl for permissions ["firebase.projects.get"]
[debug] [2021-07-06T12:13:37.408Z] > refreshing access token with scopes: ["email","https://www.googleapis.com/auth/cloud-platform","https://www.googleapis.com/auth/cloudplatformprojects.readonly","https://www.googleapis.com/auth/firebase","openid"]
[debug] [2021-07-06T12:13:37.408Z] >>> HTTP REQUEST POST https://www.googleapis.com/oauth2/v3/token  
 <request body omitted>
[debug] [2021-07-06T12:13:37.973Z] <<< HTTP RESPONSE 200 {"expires":"Mon, 01 Jan 1990 00:00:00 GMT","cache-control":"no-cache, no-store, max-age=0, must-revalidate","date":"Tue, 06 Jul 2021 12:13:38 GMT","pragma":"no-cache","content-type":"application/json; charset=utf-8","vary":"X-Origin, Referer, Origin,Accept-Encoding","server":"scaffolding on HTTPServer2","x-xss-protection":"0","x-frame-options":"SAMEORIGIN","x-content-type-options":"nosniff","alt-svc":"h3=\":443\"; ma=2592000,h3-29=\":443\"; ma=2592000,h3-T051=\":443\"; ma=2592000,h3-Q050=\":443\"; ma=2592000,h3-Q046=\":443\"; ma=2592000,h3-Q043=\":443\"; ma=2592000,quic=\":443\"; ma=2592000; v=\"46,43\"","accept-ranges":"none","transfer-encoding":"chunked"}
[debug] [2021-07-06T12:13:38.013Z] >>> HTTP REQUEST POST https://cloudresourcemanager.googleapis.com/v1/projects/yatou-sarl:testIamPermissions  
 {"permissions":["firebase.projects.get"]}
[debug] [2021-07-06T12:13:40.863Z] <<< HTTP RESPONSE 200 {"content-type":"application/json; charset=UTF-8","vary":"X-Origin, Referer, Origin,Accept-Encoding","date":"Tue, 06 Jul 2021 12:13:41 GMT","server":"ESF","cache-control":"private","x-xss-protection":"0","x-frame-options":"SAMEORIGIN","x-content-type-options":"nosniff","server-timing":"gfet4t7; dur=106","alt-svc":"h3=\":443\"; ma=2592000,h3-29=\":443\"; ma=2592000,h3-T051=\":443\"; ma=2592000,h3-Q050=\":443\"; ma=2592000,h3-Q046=\":443\"; ma=2592000,h3-Q043=\":443\"; ma=2592000,quic=\":443\"; ma=2592000; v=\"46,43\"","accept-ranges":"none","transfer-encoding":"chunked"}
[debug] [2021-07-06T12:13:40.864Z] >>> HTTP REQUEST POST https://serviceusage.googleapis.com/v1/projects/yatou-sarl/services/cloudfunctions.googleapis.com:enable  
 
[debug] [2021-07-06T12:13:40.865Z] >>> HTTP REQUEST POST https://serviceusage.googleapis.com/v1/projects/yatou-sarl/services/runtimeconfig.googleapis.com:enable  
 
[debug] [2021-07-06T12:13:41.835Z] <<< HTTP RESPONSE 200 {"content-type":"application/json; charset=UTF-8","vary":"X-Origin, Referer, Origin,Accept-Encoding","date":"Tue, 06 Jul 2021 12:13:41 GMT","server":"ESF","cache-control":"private","x-xss-protection":"0","x-frame-options":"SAMEORIGIN","x-content-type-options":"nosniff","alt-svc":"h3=\":443\"; ma=2592000,h3-29=\":443\"; ma=2592000,h3-T051=\":443\"; ma=2592000,h3-Q050=\":443\"; ma=2592000,h3-Q046=\":443\"; ma=2592000,h3-Q043=\":443\"; ma=2592000,quic=\":443\"; ma=2592000; v=\"46,43\"","accept-ranges":"none","transfer-encoding":"chunked"}
[debug] [2021-07-06T12:13:41.836Z] <<< HTTP RESPONSE 200 {"content-type":"application/json; charset=UTF-8","vary":"X-Origin, Referer, Origin,Accept-Encoding","date":"Tue, 06 Jul 2021 12:13:42 GMT","server":"ESF","cache-control":"private","x-xss-protection":"0","x-frame-options":"SAMEORIGIN","x-content-type-options":"nosniff","alt-svc":"h3=\":443\"; ma=2592000,h3-29=\":443\"; ma=2592000,h3-T051=\":443\"; ma=2592000,h3-Q050=\":443\"; ma=2592000,h3-Q046=\":443\"; ma=2592000,h3-Q043=\":443\"; ma=2592000,quic=\":443\"; ma=2592000; v=\"46,43\"","accept-ranges":"none","transfer-encoding":"chunked"}
[info] i  Skipping write of functions/package.json 
[info] ✔  Wrote functions/tsconfig.json 
[info] i  Skipping write of functions/src/index.ts 
[info] ✔  Wrote functions/.gitignore 
[info] 
=== Hosting Setup
[info] 
[info] Your public directory is the folder (relative to your project directory) that
[info] will contain Hosting assets to be uploaded with firebase deploy. If you
[info] have a build process for your assets, use your build's output directory.
[info] 
[debug] [2021-07-06T12:15:46.611Z] >>> [apiv2][query] GET https://www.gstatic.com/firebasejs/releases.json [none]
[debug] [2021-07-06T12:15:47.659Z] <<< [apiv2][status] GET https://www.gstatic.com/firebasejs/releases.json 200
[debug] [2021-07-06T12:15:47.659Z] <<< [apiv2][body] GET https://www.gstatic.com/firebasejs/releases.json {"current":{"version":"8.7.0","browserURL":"https://www.gstatic.com/firebasejs/8.7.0/firebase.js","packageURL":"https://www.gstatic.com/firebasejs/8.7.0/firebase.tgz"},"live":{"version":"8.7","browserURL":"https://www.gstatic.com/firebasejs/live/8.7/firebase.js","packageURL":"https://www.gstatic.com/firebasejs/live/8.7/firebase.tgz"},"components":{"analytics":"https://www.gstatic.com/firebasejs/8.7.0/firebase-analytics.js","app":"https://www.gstatic.com/firebasejs/8.7.0/firebase-app.js","app-check":"https://www.gstatic.com/firebasejs/8.7.0/firebase-app-check.js","auth":"https://www.gstatic.com/firebasejs/8.7.0/firebase-auth.js","database":"https://www.gstatic.com/firebasejs/8.7.0/firebase-database.js","firestore":"https://www.gstatic.com/firebasejs/8.7.0/firebase-firestore.js","functions":"https://www.gstatic.com/firebasejs/8.7.0/firebase-functions.js","installations":"https://www.gstatic.com/firebasejs/8.7.0/firebase-installations.js","messaging":"https://www.gstatic.com/firebasejs/8.7.0/firebase-messaging.js","storage":"https://www.gstatic.com/firebasejs/8.7.0/firebase-storage.js","performance":"https://www.gstatic.com/firebasejs/8.7.0/firebase-performance.js","remote-config":"https://www.gstatic.com/firebasejs/8.7.0/firebase-remote-config.js","firestore.memory":"https://www.gstatic.com/firebasejs/8.7.0/firebase-firestore.memory.js"}}
[info] i  Skipping write of dist/index.html 
[info] 
[info] i  Detected a .git folder at /Users/lioneletaba/Documents/Projets/Freelance/yatou 
[info] i  Authorizing with GitHub to upload your service account to a GitHub repository's secrets store. 
[info] 
[info] Visit this URL on this device to log in:
[info] https://github.com/login/oauth/authorize?client_id=89cf50f02ac6aaed3484&state=1050264957&redirect_uri=http%3A%2F%2Flocalhost%3A9005&scope=read%3Auser%20repo%20public_repo
[info] 
[info] Waiting for authentication...
[debug] [2021-07-06T12:16:07.867Z] >>> HTTP REQUEST POST https://github.com/login/oauth/access_token  
 {"client_id":"89cf50f02ac6aaed3484","client_secret":"3330d14abc895d9a74d5f17cd7a00711fa2c5bf0","code":"69d9fbdc7a956dafe1ca","redirect_uri":"http://localhost:9005","state":"1050264957"}
[debug] [2021-07-06T12:16:08.583Z] <<< HTTP RESPONSE 200 {"server":"GitHub.com","date":"Tue, 06 Jul 2021 12:16:08 GMT","content-type":"application/json; charset=utf-8","transfer-encoding":"chunked","vary":"X-PJAX, Accept-Encoding, Accept, X-Requested-With","permissions-policy":"interest-cohort=()","etag":"W/\"bad4f91ea231925954e3f802252c0fa4\"","cache-control":"max-age=0, private, must-revalidate","strict-transport-security":"max-age=31536000; includeSubdomains; preload","x-frame-options":"deny","x-content-type-options":"nosniff","x-xss-protection":"0","referrer-policy":"origin-when-cross-origin, strict-origin-when-cross-origin","expect-ct":"max-age=2592000, report-uri=\"https://api.github.com/_private/browser/errors\"","content-security-policy":"default-src 'none'; base-uri 'self'; block-all-mixed-content; connect-src 'self' uploads.github.com www.githubstatus.com collector.githubapp.com api.github.com github-cloud.s3.amazonaws.com github-production-repository-file-5c1aeb.s3.amazonaws.com github-production-upload-manifest-file-7fdce7.s3.amazonaws.com github-production-user-asset-6210df.s3.amazonaws.com cdn.optimizely.com logx.optimizely.com/v1/events translator.github.com wss://alive.github.com; font-src github.githubassets.com; form-action 'self' github.com gist.github.com; frame-ancestors 'none'; frame-src render.githubusercontent.com render-temp.githubusercontent.com viewscreen.githubusercontent.com; img-src 'self' data: github.githubassets.com identicons.github.com collector.githubapp.com github-cloud.s3.amazonaws.com secured-user-images.githubusercontent.com/ *.githubusercontent.com; manifest-src 'self'; media-src 'none'; script-src github.githubassets.com; style-src 'unsafe-inline' github.githubassets.com; worker-src github.com/socket-worker-3f088aa2.js gist.github.com/socket-worker-3f088aa2.js","x-github-request-id":"2A34:CE90:70992C:75AE94:60E44988"}
[debug] [2021-07-06T12:16:08.588Z] >>> [apiv2][query] GET https://api.github.com/user [none]
[debug] [2021-07-06T12:16:09.340Z] <<< [apiv2][status] GET https://api.github.com/user 200
[debug] [2021-07-06T12:16:09.340Z] <<< [apiv2][body] GET https://api.github.com/user {"login":"steph411","id":30546420,"node_id":"MDQ6VXNlcjMwNTQ2NDIw","avatar_url":"https://avatars.githubusercontent.com/u/30546420?v=4","gravatar_id":"","url":"https://api.github.com/users/steph411","html_url":"https://github.com/steph411","followers_url":"https://api.github.com/users/steph411/followers","following_url":"https://api.github.com/users/steph411/following{/other_user}","gists_url":"https://api.github.com/users/steph411/gists{/gist_id}","starred_url":"https://api.github.com/users/steph411/starred{/owner}{/repo}","subscriptions_url":"https://api.github.com/users/steph411/subscriptions","organizations_url":"https://api.github.com/users/steph411/orgs","repos_url":"https://api.github.com/users/steph411/repos","events_url":"https://api.github.com/users/steph411/events{/privacy}","received_events_url":"https://api.github.com/users/steph411/received_events","type":"User","site_admin":false,"name":"steph411","company":null,"blog":"","location":null,"email":null,"hireable":null,"bio":null,"twitter_username":null,"public_repos":14,"public_gists":0,"followers":0,"following":0,"created_at":"2017-07-29T07:58:34Z","updated_at":"2021-07-06T12:16:07Z","private_gists":1,"total_private_repos":4,"owned_private_repos":4,"disk_usage":146182,"collaborators":1,"two_factor_authentication":false,"plan":{"name":"free","space":976562499,"collaborators":0,"private_repos":10000}}
[info] 
[info] ✔  Success! Logged into GitHub as steph411 
[info] 
